auto-tool-520/FpFactory_M_O_hidl/FpFactory/app/build/outputs/logs/manifest-merger-release-report.txt
-- Merging decision tree log ---
manifest
ADDED from main\ex_manifest_o\AndroidManifest.xml:2:1-81:12
INJECTED from main\ex_manifest_o\AndroidManifest.xml:2:1-81:12
INJECTED from main\ex_manifest_o\AndroidManifest.xml:2:1-81:12
INJECTED from main\ex_manifest_o\AndroidManifest.xml:2:1-81:12
MERGED from [com.android.support:appcompat-v7:26.1.0] AndroidManifest.xml:17:1-31:12
MERGED from [com.android.support.constraint:constraint-layout:1.0.2] AndroidManifest.xml:2:1-11:12
MERGED from [com.android.support:animated-vector-drawable:26.1.0] AndroidManifest.xml:17:1-28:12
MERGED from [com.android.support:support-vector-drawable:26.1.0] AndroidManifest.xml:17:1-28:12
MERGED from [com.android.support:support-v4:26.1.0] AndroidManifest.xml:17:1-31:12
MERGED from [com.android.support:support-media-compat:26.1.0] AndroidManifest.xml:17:1-31:12
MERGED from [com.android.support:support-fragment:26.1.0] AndroidManifest.xml:17:1-31:12
MERGED from [com.android.support:support-core-utils:26.1.0] AndroidManifest.xml:17:1-31:12
MERGED from [com.android.support:support-core-ui:26.1.0] AndroidManifest.xml:17:1-31:12
MERGED from [com.android.support:support-compat:26.1.0] AndroidManifest.xml:17:1-31:12
MERGED from [android.arch.lifecycle:runtime:1.0.0] AndroidManifest.xml:17:1-30:12
INJECTED from main\ex_manifest_o\AndroidManifest.xml:2:1-81:12
INJECTED from main\ex_manifest_o\AndroidManifest.xml:2:1-81:12
INJECTED from main\ex_manifest_o\AndroidManifest.xml:2:1-81:12
	package
		ADDED from main\ex_manifest_o\AndroidManifest.xml:3:5-31
		INJECTED from main\ex_manifest_o\AndroidManifest.xml
		INJECTED from main\ex_manifest_o\AndroidManifest.xml
	android:versionName
		ADDED from main\ex_manifest_o\AndroidManifest.xml:5:5-42
		INJECTED from main\ex_manifest_o\AndroidManifest.xml
		INJECTED from main\ex_manifest_o\AndroidManifest.xml
	xmlns:android
		ADDED from main\ex_manifest_o\AndroidManifest.xml:2:11-69
	android:versionCode
		ADDED from main\ex_manifest_o\AndroidManifest.xml:4:5-35
		INJECTED from main\ex_manifest_o\AndroidManifest.xml
		INJECTED from main\ex_manifest_o\AndroidManifest.xml
uses-permission#android.permission.READ_EXTERNAL_STORAGE
ADDED from main\ex_manifest_o\AndroidManifest.xml:7:5-80
	android:name
		ADDED from main\ex_manifest_o\AndroidManifest.xml:7:22-77
uses-permission#android.permission.WRITE_EXTERNAL_STORAGE
ADDED from main\ex_manifest_o\AndroidManifest.xml:8:5-81
	android:name
		ADDED from main\ex_manifest_o\AndroidManifest.xml:8:22-78
uses-permission#android.permission.VIBRATE
ADDED from main\ex_manifest_o\AndroidManifest.xml:9:5-66
	android:name
		ADDED from main\ex_manifest_o\AndroidManifest.xml:9:22-63
uses-permission#android.permission.WAKE_LOCK
ADDED from main\ex_manifest_o\AndroidManifest.xml:10:5-68
	android:name
		ADDED from main\ex_manifest_o\AndroidManifest.xml:10:22-65
uses-permission#android.permission.USE_FINGERPRINT
ADDED from main\ex_manifest_o\AndroidManifest.xml:11:5-74
	android:name
		ADDED from main\ex_manifest_o\AndroidManifest.xml:11:22-71
uses-permission#android.permission.MANAGE_FINGERPRINT
ADDED from main\ex_manifest_o\AndroidManifest.xml:12:5-77
	android:name
		ADDED from main\ex_manifest_o\AndroidManifest.xml:12:22-74
uses-permission#android.permission.DISABLE_KEYGUARD
ADDED from main\ex_manifest_o\AndroidManifest.xml:13:5-76
	android:name
		ADDED from main\ex_manifest_o\AndroidManifest.xml:13:22-74
uses-sdk
ADDED from main\ex_manifest_o\AndroidManifest.xml:14:5-101
INJECTED from main\ex_manifest_o\AndroidManifest.xml:14:5-101
INJECTED from main\ex_manifest_o\AndroidManifest.xml:14:5-101
MERGED from [com.android.support:appcompat-v7:26.1.0] AndroidManifest.xml:21:5-23:78
MERGED from [com.android.support:appcompat-v7:26.1.0] AndroidManifest.xml:21:5-23:78
MERGED from [com.android.support.constraint:constraint-layout:1.0.2] AndroidManifest.xml:5:5-7:41
MERGED from [com.android.support.constraint:constraint-layout:1.0.2] AndroidManifest.xml:5:5-7:41
MERGED from [com.android.support:animated-vector-drawable:26.1.0] AndroidManifest.xml:20:5-44
MERGED from [com.android.support:animated-vector-drawable:26.1.0] AndroidManifest.xml:20:5-44
MERGED from [com.android.support:support-vector-drawable:26.1.0] AndroidManifest.xml:20:5-44
MERGED from [com.android.support:support-vector-drawable:26.1.0] AndroidManifest.xml:20:5-44
MERGED from [com.android.support:support-v4:26.1.0] AndroidManifest.xml:21:5-23:54
MERGED from [com.android.support:support-v4:26.1.0] AndroidManifest.xml:21:5-23:54
MERGED from [com.android.support:support-media-compat:26.1.0] AndroidManifest.xml:21:5-23:63
MERGED from [com.android.support:support-media-compat:26.1.0] AndroidManifest.xml:21:5-23:63
MERGED from [com.android.support:support-fragment:26.1.0] AndroidManifest.xml:21:5-23:60
MERGED from [com.android.support:support-fragment:26.1.0] AndroidManifest.xml:21:5-23:60
MERGED from [com.android.support:support-core-utils:26.1.0] AndroidManifest.xml:21:5-23:61
MERGED from [com.android.support:support-core-utils:26.1.0] AndroidManifest.xml:21:5-23:61
MERGED from [com.android.support:support-core-ui:26.1.0] AndroidManifest.xml:21:5-23:58
MERGED from [com.android.support:support-core-ui:26.1.0] AndroidManifest.xml:21:5-23:58
MERGED from [com.android.support:support-compat:26.1.0] AndroidManifest.xml:21:5-23:58
MERGED from [com.android.support:support-compat:26.1.0] AndroidManifest.xml:21:5-23:58
MERGED from [android.arch.lifecycle:runtime:1.0.0] AndroidManifest.xml:20:5-22:41
MERGED from [android.arch.lifecycle:runtime:1.0.0] AndroidManifest.xml:20:5-22:41
INJECTED from main\ex_manifest_o\AndroidManifest.xml:14:5-101
INJECTED from main\ex_manifest_o\AndroidManifest.xml:14:5-101
	tools:overrideLibrary
		ADDED from [com.android.support:appcompat-v7:26.1.0] AndroidManifest.xml:23:9-75
	android:maxSdkVersion
		ADDED from main\ex_manifest_o\AndroidManifest.xml:14:72-98
	android:targetSdkVersion
		ADDED from main\ex_manifest_o\AndroidManifest.xml:14:42-71
		INJECTED from main\ex_manifest_o\AndroidManifest.xml
		INJECTED from main\ex_manifest_o\AndroidManifest.xml
	android:minSdkVersion
		ADDED from main\ex_manifest_o\AndroidManifest.xml:14:15-41
		INJECTED from main\ex_manifest_o\AndroidManifest.xml
		INJECTED from main\ex_manifest_o\AndroidManifest.xml
application
ADDED from main\ex_manifest_o\AndroidManifest.xml:15:5-79:19
MERGED from [com.android.support:appcompat-v7:26.1.0] AndroidManifest.xml:25:5-29:19
MERGED from [com.android.support:appcompat-v7:26.1.0] AndroidManifest.xml:25:5-29:19
MERGED from [com.android.support.constraint:constraint-layout:1.0.2] AndroidManifest.xml:9:5-20
MERGED from [com.android.support.constraint:constraint-layout:1.0.2] AndroidManifest.xml:9:5-20
MERGED from [com.android.support:animated-vector-drawable:26.1.0] AndroidManifest.xml:22:5-26:19
MERGED from [com.android.support:animated-vector-drawable:26.1.0] AndroidManifest.xml:22:5-26:19
MERGED from [com.android.support:support-vector-drawable:26.1.0] AndroidManifest.xml:22:5-26:19
MERGED from [com.android.support:support-vector-drawable:26.1.0] AndroidManifest.xml:22:5-26:19
MERGED from [com.android.support:support-v4:26.1.0] AndroidManifest.xml:25:5-29:19
MERGED from [com.android.support:support-v4:26.1.0] AndroidManifest.xml:25:5-29:19
MERGED from [com.android.support:support-media-compat:26.1.0] AndroidManifest.xml:25:5-29:19
MERGED from [com.android.support:support-media-compat:26.1.0] AndroidManifest.xml:25:5-29:19
MERGED from [com.android.support:support-fragment:26.1.0] AndroidManifest.xml:25:5-29:19
MERGED from [com.android.support:support-fragment:26.1.0] AndroidManifest.xml:25:5-29:19
MERGED from [com.android.support:support-core-utils:26.1.0] AndroidManifest.xml:25:5-29:19
MERGED from [com.android.support:support-core-utils:26.1.0] AndroidManifest.xml:25:5-29:19
MERGED from [com.android.support:support-core-ui:26.1.0] AndroidManifest.xml:25:5-29:19
MERGED from [com.android.support:support-core-ui:26.1.0] AndroidManifest.xml:25:5-29:19
MERGED from [com.android.support:support-compat:26.1.0] AndroidManifest.xml:25:5-29:19
MERGED from [com.android.support:support-compat:26.1.0] AndroidManifest.xml:25:5-29:19
MERGED from [android.arch.lifecycle:runtime:1.0.0] AndroidManifest.xml:24:5-28:19
MERGED from [android.arch.lifecycle:runtime:1.0.0] AndroidManifest.xml:24:5-28:19
	android:requestLegacyExternalStorage
		ADDED from main\ex_manifest_o\AndroidManifest.xml:18:9-52
	android:label
		ADDED from main\ex_manifest_o\AndroidManifest.xml:19:9-41
	android:icon
		ADDED from main\ex_manifest_o\AndroidManifest.xml:17:9-45
	android:theme
		ADDED from main\ex_manifest_o\AndroidManifest.xml:20:9-40
	android:name
		ADDED from main\ex_manifest_o\AndroidManifest.xml:16:9-46
meta-data#DeviceManager
ADDED from main\ex_manifest_o\AndroidManifest.xml:22:9-24:69
	android:value
		ADDED from main\ex_manifest_o\AndroidManifest.xml:24:13-66
	android:name
		ADDED from main\ex_manifest_o\AndroidManifest.xml:23:13-41
activity#com.swfp.activity.AboutActivity
ADDED from main\ex_manifest_o\AndroidManifest.xml:26:9-34:20
	android:screenOrientation
		ADDED from main\ex_manifest_o\AndroidManifest.xml:28:13-49
	android:theme
		ADDED from main\ex_manifest_o\AndroidManifest.xml:29:13-53
	android:name
		ADDED from main\ex_manifest_o\AndroidManifest.xml:27:13-59
intent-filter#action:name:android.intent.action.MAIN+category:name:android.intent.category.DEFAULT
ADDED from main\ex_manifest_o\AndroidManifest.xml:30:13-33:29
action#android.intent.action.MAIN
ADDED from main\ex_manifest_o\AndroidManifest.xml:31:17-69
	android:name
		ADDED from main\ex_manifest_o\AndroidManifest.xml:31:25-66
category#android.intent.category.DEFAULT
ADDED from main\ex_manifest_o\AndroidManifest.xml:32:17-76
	android:name
		ADDED from main\ex_manifest_o\AndroidManifest.xml:32:27-73
activity#com.swfp.activity.CollectActivity
ADDED from main\ex_manifest_o\AndroidManifest.xml:36:9-39:52
	android:screenOrientation
		ADDED from main\ex_manifest_o\AndroidManifest.xml:39:13-49
	android:label
		ADDED from main\ex_manifest_o\AndroidManifest.xml:38:13-50
	android:name
		ADDED from main\ex_manifest_o\AndroidManifest.xml:37:13-61
activity#com.swfp.activity.ScoreActivity
ADDED from main\ex_manifest_o\AndroidManifest.xml:41:9-44:52
	android:screenOrientation
		ADDED from main\ex_manifest_o\AndroidManifest.xml:44:13-49
	android:label
		ADDED from main\ex_manifest_o\AndroidManifest.xml:43:13-48
	android:name
		ADDED from main\ex_manifest_o\AndroidManifest.xml:42:13-59
activity#com.swfp.activity.PixelTestActivity
ADDED from main\ex_manifest_o\AndroidManifest.xml:46:9-49:52
	android:screenOrientation
		ADDED from main\ex_manifest_o\AndroidManifest.xml:49:13-49
	android:label
		ADDED from main\ex_manifest_o\AndroidManifest.xml:48:13-48
	android:name
		ADDED from main\ex_manifest_o\AndroidManifest.xml:47:13-63
activity#com.swfp.activity.KValueActivity
ADDED from main\ex_manifest_o\AndroidManifest.xml:51:9-54:52
	android:screenOrientation
		ADDED from main\ex_manifest_o\AndroidManifest.xml:54:13-49
	android:label
		ADDED from main\ex_manifest_o\AndroidManifest.xml:53:13-49
	android:name
		ADDED from main\ex_manifest_o\AndroidManifest.xml:52:13-60
activity#com.swfp.activity.DetectActivity
ADDED from main\ex_manifest_o\AndroidManifest.xml:56:9-65:20
	android:screenOrientation
		ADDED from main\ex_manifest_o\AndroidManifest.xml:59:13-49
	android:label
		ADDED from main\ex_manifest_o\AndroidManifest.xml:58:13-49
	android:theme
		ADDED from main\ex_manifest_o\AndroidManifest.xml:60:13-57
	android:name
		ADDED from main\ex_manifest_o\AndroidManifest.xml:57:13-60
activity#com.swfp.activity.NTXTestActivity
ADDED from main\ex_manifest_o\AndroidManifest.xml:67:9-70:52
	android:screenOrientation
		ADDED from main\ex_manifest_o\AndroidManifest.xml:70:13-49
	android:label
		ADDED from main\ex_manifest_o\AndroidManifest.xml:69:13-51
	android:name
		ADDED from main\ex_manifest_o\AndroidManifest.xml:68:13-61
activity#com.swfp.activity.SensitivityTestActivity
ADDED from main\ex_manifest_o\AndroidManifest.xml:71:9-74:52
	android:screenOrientation
		ADDED from main\ex_manifest_o\AndroidManifest.xml:74:13-49
	android:label
		ADDED from main\ex_manifest_o\AndroidManifest.xml:73:13-59
	android:name
		ADDED from main\ex_manifest_o\AndroidManifest.xml:72:13-69
activity#com.swfp.activity.TouchCaliActivity
ADDED from main\ex_manifest_o\AndroidManifest.xml:75:9-78:52
	android:screenOrientation
		ADDED from main\ex_manifest_o\AndroidManifest.xml:78:13-49
	android:label
		ADDED from main\ex_manifest_o\AndroidManifest.xml:77:13-65
	android:name
		ADDED from main\ex_manifest_o\AndroidManifest.xml:76:13-63
meta-data#android.support.VERSION
ADDED from [com.android.support:appcompat-v7:26.1.0] AndroidManifest.xml:26:9-28:38
MERGED from [com.android.support:animated-vector-drawable:26.1.0] AndroidManifest.xml:23:9-25:38
MERGED from [com.android.support:animated-vector-drawable:26.1.0] AndroidManifest.xml:23:9-25:38
MERGED from [com.android.support:support-vector-drawable:26.1.0] AndroidManifest.xml:23:9-25:38
MERGED from [com.android.support:support-vector-drawable:26.1.0] AndroidManifest.xml:23:9-25:38
MERGED from [com.android.support:support-v4:26.1.0] AndroidManifest.xml:26:9-28:38
MERGED from [com.android.support:support-v4:26.1.0] AndroidManifest.xml:26:9-28:38
MERGED from [com.android.support:support-media-compat:26.1.0] AndroidManifest.xml:26:9-28:38
MERGED from [com.android.support:support-media-compat:26.1.0] AndroidManifest.xml:26:9-28:38
MERGED from [com.android.support:support-fragment:26.1.0] AndroidManifest.xml:26:9-28:38
MERGED from [com.android.support:support-fragment:26.1.0] AndroidManifest.xml:26:9-28:38
MERGED from [com.android.support:support-core-utils:26.1.0] AndroidManifest.xml:26:9-28:38
MERGED from [com.android.support:support-core-utils:26.1.0] AndroidManifest.xml:26:9-28:38
MERGED from [com.android.support:support-core-ui:26.1.0] AndroidManifest.xml:26:9-28:38
MERGED from [com.android.support:support-core-ui:26.1.0] AndroidManifest.xml:26:9-28:38
MERGED from [com.android.support:support-compat:26.1.0] AndroidManifest.xml:26:9-28:38
MERGED from [com.android.support:support-compat:26.1.0] AndroidManifest.xml:26:9-28:38
	android:value
		ADDED from [com.android.support:appcompat-v7:26.1.0] AndroidManifest.xml:28:13-35
	android:name
		ADDED from [com.android.support:appcompat-v7:26.1.0] AndroidManifest.xml:27:13-51
meta-data#android.arch.lifecycle.VERSION
ADDED from [android.arch.lifecycle:runtime:1.0.0] AndroidManifest.xml:25:9-27:47
	android:value
		ADDED from [android.arch.lifecycle:runtime:1.0.0] AndroidManifest.xml:27:13-44
	android:name
		ADDED from [android.arch.lifecycle:runtime:1.0.0] AndroidManifest.xml:26:13-58